pytest scripts/test_panelite/test_panelite.py::test_notebooks_without_issues[chromium-gallery/simple/file_download_examples.ipynb] --headed
pytest scripts/test_panelite/test_panelite.py::test_notebooks_with_issues[chromium-gallery/simple/file_download_examples.ipynb] --headed

================================================= short test summary info ==================================================
FAILED scripts/test_panelite/test_panelite.py::test_homepage_has_Playwright_in_title_and_get_started_link_linking_to_the_intro_page[chromium-gallery/simple/file_download_examples.ipynb] - test_panelite.RunCells: ---------------------------------------------------------------------------
FAILED scripts/test_panelite/test_panelite.py::test_homepage_has_Playwright_in_title_and_get_started_link_linking_to_the_intro_page[chromium-gallery/simple/hvplot_explorer.ipynb] - Exception: Expected issue for notebook hvplot_explorer.ipynb, but no
issue was found
FAILED scripts/test_panelite/test_panelite.py::test_homepage_has_Playwright_in_title_and_get_started_link_linking_to_the_intro_page[chromium-gallery/simple/iris_kmeans.ipynb] - Exception: Expected issue for notebook iris_kmeans.ipynb, but no issue was found
FAILED scripts/test_panelite/test_panelite.py::test_homepage_has_Playwright_in_title_and_get_started_link_linking_to_the_intro_page[chromium-gallery/simple/loading_spinner.ipynb] - Exception: Expected issue for notebook loading_spinner.ipynb, but no
issue was found
FAILED scripts/test_panelite/test_panelite.py::test_homepage_has_Playwright_in_title_and_get_started_link_linking_to_the_intro_page[chromium-gallery/simple/random_number_generator.ipynb] - TypeError: __init__() missing 1 required positional argument: 'message'
FAILED scripts/test_panelite/test_panelite.py::test_homepage_has_Playwright_in_title_and_get_started_link_linking_to_the_intro_page[chromium-gallery/simple/temperature_distribution.ipynb] - Exception: Expected issue for notebook temperature_distribution.ipynb, but no issue was found
FAILED scripts/test_panelite/test_panelite.py::test_homepage_has_Playwright_in_title_and_get_started_link_linking_to_the_intro_page[chromium-gallery/simple/xgboost_classifier.ipynb] - Exception: Expected issue for notebook xgboost_classifier.ipynb, but no issue was found
FAILED scripts/test_panelite/test_panelite.py::test_homepage_has_Playwright_in_title_and_get_started_link_linking_to_the_intro_page[chromium-gallery/streaming/hardware_automation.ipynb] - test_panelite.RunCells: ---------------------------------------------------------------------------
FAILED scripts/test_panelite/test_panelite.py::test_homepage_has_Playwright_in_title_and_get_started_link_linking_to_the_intro_page[chromium-gallery/streaming/streaming_indicator.ipynb] - Exception: Expected issue for notebook streaming_indicator.ipynb, but no issue was found
FAILED scripts/test_panelite/test_panelite.py::test_homepage_has_Playwright_in_title_and_get_started_link_linking_to_the_intro_page[chromium-gallery/streaming/streaming_perspective.ipynb] - Exception: Expected issue for notebook streaming_perspective.ipynb, but no issue was found
FAILED scripts/test_panelite/test_panelite.py::test_homepage_has_Playwright_in_title_and_get_started_link_linking_to_the_intro_page[chromium-gallery/styles/PlotlyStyle.ipynb] - test_panelite.RunCells: WARNING:param.Markdown00101: Setting non-parameter attribute styles={'color': 'white', 'backgrou...
FAILED scripts/test_panelite/test_panelite.py::test_homepage_has_Playwright_in_title_and_get_started_link_linking_to_the_intro_page[chromium-gallery/styles/SeabornStyle.ipynb] - test_panelite.RunCells: WARNING:param.Markdown00101: Setting non-parameter attribute styles={'color': 'white', 'backgrou...
FAILED scripts/test_panelite/test_panelite.py::test_homepage_has_Playwright_in_title_and_get_started_link_linking_to_the_intro_page[chromium-gallery/viz/GraphViz.ipynb] - test_panelite.RunCells: ---------------------------------------------------------------------------
FAILED scripts/test_panelite/test_panelite.py::test_homepage_has_Playwright_in_title_and_get_started_link_linking_to_the_intro_page[chromium-gallery/viz/NetworkX.ipynb] - test_panelite.RunCells: ---------------------------------------------------------------------------
FAILED scripts/test_panelite/test_panelite.py::test_homepage_has_Playwright_in_title_and_get_started_link_linking_to_the_intro_page[chromium-reference/indicators/Tqdm.ipynb] - scripts.test_panelite.utils.MaxRetriesExceeded
FAILED scripts/test_panelite/test_panelite.py::test_homepage_has_Playwright_in_title_and_get_started_link_linking_to_the_intro_page[chromium-reference/layouts/GridBox.ipynb] - scripts.test_panelite.utils.MaxRetriesExceeded
FAILED scripts/test_panelite/test_panelite.py::test_homepage_has_Playwright_in_title_and_get_started_link_linking_to_the_intro_page[chromium-reference/panes/DataFrame.ipynb] - test_panelite.RunCells: ---------------------------------------------------------------------------
FAILED scripts/test_panelite/test_panelite.py::test_homepage_has_Playwright_in_title_and_get_started_link_linking_to_the_intro_page[chromium-reference/panes/HoloViews.ipynb] - Exception: Expected issue for notebook HoloViews.ipynb, but no issue was found
FAILED scripts/test_panelite/test_panelite.py::test_homepage_has_Playwright_in_title_and_get_started_link_linking_to_the_intro_page[chromium-reference/panes/IPyWidget.ipynb] - test_panelite.RunCells: ---------------------------------------------------------------------------
FAILED scripts/test_panelite/test_panelite.py::test_homepage_has_Playwright_in_title_and_get_started_link_linking_to_the_intro_page[chromium-reference/panes/Matplotlib.ipynb] - test_panelite.RunCells: WARNING:param.Matplotlib00106: Setting non-parameter attribute format=svg using a mechanism inte...
FAILED scripts/test_panelite/test_panelite.py::test_homepage_has_Playwright_in_title_and_get_started_link_linking_to_the_intro_page[chromium-reference/panes/Param.ipynb] - Exception: Expected issue for notebook Param.ipynb, but no issue was found
FAILED scripts/test_panelite/test_panelite.py::test_homepage_has_Playwright_in_title_and_get_started_link_linking_to_the_intro_page[chromium-reference/panes/PNG.ipynb] - scripts.test_panelite.utils.MaxRetriesExceeded
FAILED scripts/test_panelite/test_panelite.py::test_homepage_has_Playwright_in_title_and_get_started_link_linking_to_the_intro_page[chromium-reference/panes/Reacton.ipynb] - test_panelite.RunCells: ---------------------------------------------------------------------------
FAILED scripts/test_panelite/test_panelite.py::test_homepage_has_Playwright_in_title_and_get_started_link_linking_to_the_intro_page[chromium-reference/panes/Str.ipynb] - test_panelite.RunCells: WARNING:param.Str00101: Setting non-parameter attribute
styles={'font-size': '12pt'} using a mec...
FAILED scripts/test_panelite/test_panelite.py::test_homepage_has_Playwright_in_title_and_get_started_link_linking_to_the_intro_page[chromium-reference/panes/Streamz.ipynb] - test_panelite.RunCells: ---------------------------------------------------------------------------
FAILED scripts/test_panelite/test_panelite.py::test_homepage_has_Playwright_in_title_and_get_started_link_linking_to_the_intro_page[chromium-reference/panes/VTK.ipynb] - scripts.test_panelite.utils.MaxRetriesExceeded
FAILED scripts/test_panelite/test_panelite.py::test_homepage_has_Playwright_in_title_and_get_started_link_linking_to_the_intro_page[chromium-reference/panes/VTKJS.ipynb] - scripts.test_panelite.utils.MaxRetriesExceeded
FAILED scripts/test_panelite/test_panelite.py::test_homepage_has_Playwright_in_title_and_get_started_link_linking_to_the_intro_page[chromium-reference/panes/VTKVolume.ipynb] - test_panelite.RunCells: ---------------------------------------------------------------------------
FAILED scripts/test_panelite/test_panelite.py::test_homepage_has_Playwright_in_title_and_get_started_link_linking_to_the_intro_page[chromium-reference/templates/FastGridTemplate.ipynb] - TypeError: __init__() missing 1 required positional argument: 'message'
FAILED scripts/test_panelite/test_panelite.py::test_homepage_has_Playwright_in_title_and_get_started_link_linking_to_the_intro_page[chromium-reference/widgets/CrossSelector.ipynb] - Exception: Expected issue for notebook CrossSelector.ipynb, but no issue was found
FAILED scripts/test_panelite/test_panelite.py::test_homepage_has_Playwright_in_title_and_get_started_link_linking_to_the_intro_page[chromium-reference/widgets/DatetimeRangeInput.ipynb] - scripts.test_panelite.utils.MaxRetriesExceeded
FAILED scripts/test_panelite/test_panelite.py::test_homepage_has_Playwright_in_title_and_get_started_link_linking_to_the_intro_page[chromium-reference/widgets/Debugger.ipynb] - Exception: Expected issue for notebook Debugger.ipynb, but no issue was found
FAILED scripts/test_panelite/test_panelite.py::test_homepage_has_Playwright_in_title_and_get_started_link_linking_to_the_intro_page[chromium-reference/widgets/EditableIntSlider.ipynb] - Exception: Expected issue for notebook EditableIntSlider.ipynb,
but no issue was found
FAILED scripts/test_panelite/test_panelite.py::test_homepage_has_Playwright_in_title_and_get_started_link_linking_to_the_intro_page[chromium-reference/widgets/FileDownload.ipynb] - Exception: Expected issue for notebook FileDownload.ipynb, but no issue was found
FAILED scripts/test_panelite/test_panelite.py::test_homepage_has_Playwright_in_title_and_get_started_link_linking_to_the_intro_page[chromium-reference/widgets/IntRangeSlider.ipynb] - Exception: Expected issue for notebook IntRangeSlider.ipynb, but no issue was found
FAILED scripts/test_panelite/test_panelite.py::test_homepage_has_Playwright_in_title_and_get_started_link_linking_to_the_intro_page[chromium-reference/widgets/MultiChoice.ipynb] - Exception: Expected issue for notebook MultiChoice.ipynb, but no issue was found
FAILED scripts/test_panelite/test_panelite.py::test_homepage_has_Playwright_in_title_and_get_started_link_linking_to_the_intro_page[chromium-reference/widgets/RangeSlider.ipynb] - Exception: Expected issue for notebook RangeSlider.ipynb, but no issue was found
FAILED scripts/test_panelite/test_panelite.py::test_homepage_has_Playwright_in_title_and_get_started_link_linking_to_the_intro_page[chromium-reference/widgets/SpeechToText.ipynb] - Exception: Expected
issue for notebook SpeechToText.ipynb, but no issue was found
FAILED scripts/test_panelite/test_panelite.py::test_homepage_has_Playwright_in_title_and_get_started_link_linking_to_the_intro_page[chromium-reference/widgets/Terminal.ipynb] - test_panelite.RunCells:
---------------------------------------------------------------------------
======================================= 53 failed, 124 passed in 35381.21s (9:49:41) =======================================
